C51 COMPILER V9.60.7.0   MAIN                                                              11/07/2025 00:56:35 PAGE 1   


C51 COMPILER V9.60.7.0, COMPILATION OF MODULE MAIN
OBJECT MODULE PLACED IN ..\Output\main.obj
COMPILER INVOKED BY: D:\APP\KEIL\MDK\C51\BIN\C51.EXE main.c LARGE OPTIMIZE(8,SPEED) BROWSE INCDIR(..\BSP\Inc;..\Core\Inc
                    -;..\Driver;..\SYSTEM;..\Emembed\Inc) DEBUG OBJECTEXTEND PRINT(.\Listings\main.lst) TABS(2) OBJECT(..\Output\main.obj)

line level    source

   1          #include "main.h"
   2          
   3          void main()
   4          {
   5   1        sys_init();
   6   1        GPIO_Init();
   7   1        burn_params_init();
   8   1      
   9   1        Uart2_Init(115200);
  10   1        Uart2_Send_Statu_Init();
  11   1      
  12   1        Uart4_Init(115200);
  13   1        Uart4_Send_Statu_Init();
  14   1      
  15   1        Uart5_Init(115200);
  16   1        Uart5_Send_Statu_Init();
  17   1      
  18   1        Tim0_Init();
  19   1        Tim1_Init();
  20   1        
  21   1        gui_scan_flag = 0;
  22   1        sp350.params_get_flag1 = 1;
  23   1        sp350.params_get_flag2 = 1;
  24   1        mc01.params_get_flag1 = 1;
  25   1        mc01.params_get_flag2 = 1;
  26   1        mc01.temp_scan_flag = 0;
  27   1          rs485_2.comm_error_flag = 0;
  28   1        rs485_2.comm_error_flag2 = 0;
  29   1        rs485_2.fun06_rcv_out = 1;
  30   1        rs485_2.fun04_rcv_out = 1;
  31   1        rs485_2.press_flag1 = 0;
  32   1        rs485_2.press_flag2 = 0;
  33   1        delay_ms(200);
  34   1      
  35   1        diwen_parms_init();
  36   1      
  37   1        EA    = 1;              //总中断开关
  38   1        
  39   1        // printf(" ===== code start ====== \r\n");
  40   1        
  41   1        while(1)
  42   1        {
  43   2          uart_frame_deal();      //串口程序下载
  44   2          Modbus_Event_DFG();
  45   2          Modbus_Event_350P();
  46   2          Modbus_Event_HanSen();
  47   2      
  48   2          if( gui_scan_flag == 1 )    //50ms检测一次屏幕是否被按下
  49   2          {
  50   3            Sw_Data_Send();
  51   3            gui_scan_flag = 0;
  52   3          }
  53   2          
  54   2          if( hansen.paoji_send == 1 )
C51 COMPILER V9.60.7.0   MAIN                                                              11/07/2025 00:56:35 PAGE 2   

  55   2          {
  56   3            Write_Dgus(0x20a4,hansen.paoji_s);
  57   3            Write_Dgus(0x20a3,hansen.paoji_min);
  58   3            Write_Dgus(0x20a2,hansen.paoji_h);
  59   3            hansen.paoji_send = 0;
  60   3          }
  61   2          if( sp350.params_get_flag2 == 1 )
  62   2          {
  63   3            read_slave_03_350P();
  64   3            sp350.params_get_flag2 = 0;
  65   3          }
  66   2          if( mc01.params_get_flag2 == 1 )
  67   2          {
  68   3            read_slave_03_DFG();
  69   3            mc01.params_get_flag2 = 0;
  70   3          }
  71   2          if(( mc01.params_get_flag1 == 0 ) && ( mc01.temp_scan_flag == 1 ))
  72   2          {
  73   3            if(( rs485_2.fun06_rcv_out == 1 ) && (rs485_2.fun06_rcv_out == 1))
  74   3            {
  75   4              if( rs485_2.press_flag1 == 0 )
  76   4              {
  77   5                read_slave_04_DFG();
  78   5              }
  79   4            }
  80   3      
  81   3            mc01.temp_scan_flag = 0;
  82   3          }
  83   2          if( rs485_2.comm_error_flag == 1 )
  84   2          {
  85   3            mc01.params_get_flag1 = 1;
  86   3            mc01.params_get_flag2 = 1;
  87   3            rs485_2.comm_error_flag = 0;
  88   3            rs485_2.comm_error_flag2 = 1;
  89   3            Write_Dgusii_Vp_byChar(0x211b,"通讯失败",8);
  90   3          }
  91   2        }
  92   1      }


MODULE INFORMATION:   STATIC OVERLAYABLE
   CODE SIZE        =    303    ----
   CONSTANT SIZE    =      9    ----
   XDATA SIZE       =   ----    ----
   PDATA SIZE       =   ----    ----
   DATA SIZE        =   ----    ----
   IDATA SIZE       =   ----    ----
   BIT SIZE         =   ----    ----
END OF MODULE INFORMATION.


C51 COMPILATION COMPLETE.  0 WARNING(S),  0 ERROR(S)
