C51 COMPILER V9.60.7.0   TIM                                                               11/07/2025 00:56:35 PAGE 1   


C51 COMPILER V9.60.7.0, COMPILATION OF MODULE TIM
OBJECT MODULE PLACED IN ..\Output\tim.obj
COMPILER INVOKED BY: D:\APP\KEIL\MDK\C51\BIN\C51.EXE ..\Core\Src\tim.c LARGE OPTIMIZE(8,SPEED) BROWSE INCDIR(..\BSP\Inc;
                    -..\Core\Inc;..\Driver;..\SYSTEM;..\Emembed\Inc) DEBUG OBJECTEXTEND PRINT(.\Listings\tim.lst) TABS(2) OBJECT(..\Output\ti
                    -m.obj)

line level    source

   1          #include "tim.h"
   2          
   3          bit gui_scan_flag;
   4          uint16_t scan_03_cnt_350p = 0;
   5          uint16_t scan_03_cnt_mc01 = 0;
   6          
   7          void Tim0_Init( void )      //1ms
   8          {
   9   1          TMOD &= 0xfc;           //设置为16bit的定时器工作模式
  10   1          TMOD |= 0x01;           //T0_M1 = 0 T0_M0 = 0: 16位自动重装载模式 
  11   1      
  12   1          TH0   = (uint8_t)(T0_PERIOD_1MS>>8);
  13   1          TL0   = (uint8_t)T0_PERIOD_1MS;   
  14   1      
  15   1          ET0   = 1;              //使能中断
  16   1          TR0   = 1;              //启动T0定时器
  17   1          //TF0 = 0;              //硬件自动清0
  18   1      }
  19          
  20          void Tim1_Init( void )      //1ms
  21          {
  22   1          TMOD &= 0xcf;           //设置为16bit的定时器工作模式
  23   1          TMOD |= 0x10;           //T1_M1 = 0 T1_M0 = 0: 16位自动重装载模式 
  24   1      
  25   1          TH1   = (uint8_t)(T0_PERIOD_1MS>>8);
  26   1          TL1   = (uint8_t)T0_PERIOD_1MS;        
  27   1      
  28   1          ET1   = 1;              //使能中断
  29   1          TR1   = 1;              //启动T1定时器
  30   1          //TF1 = 0;              //硬件自动清0
  31   1      }
  32          
  33          void Tim0_Isr( void ) interrupt 1
  34          {
  35   1          static uint8_t press_scan_cnt = 0;
  36   1          static uint16_t paoji_cnt = 0;
  37   1          static uint16_t temp_scan_cnt = 0;
  38   1          static uint16_t send04_cnt = 0;
  39   1          static uint16_t send06_cnt = 0;
  40   1          static uint16_t press_cnt = 0;
  41   1      
  42   1          TH0   = (uint8_t)(T0_PERIOD_1MS>>8);
  43   1          TL0   = (uint8_t)T0_PERIOD_1MS;      
  44   1      
  45   1        if(T_O2 > 0)
  46   1          {
  47   2              T_O2--;
  48   2          }
  49   1      
  50   1          if( gui_scan_flag == 0 )
  51   1          {
  52   2              press_scan_cnt++;
  53   2              if( press_scan_cnt == 50 )
C51 COMPILER V9.60.7.0   TIM                                                               11/07/2025 00:56:35 PAGE 2   

  54   2              {
  55   3                  press_scan_cnt = 0;
  56   3                  gui_scan_flag = 1;
  57   3              }
  58   2          }
  59   1      
  60   1          if( hansen.paoji_flag  == 1 )
  61   1          {
  62   2              paoji_cnt++;
  63   2              if( paoji_cnt == 1000 )
  64   2              {
  65   3                  paoji_cnt = 0;
  66   3                  hansen.paoji_s++;
  67   3                  if( hansen.paoji_s == 60 )
  68   3                  {
  69   4                      hansen.paoji_s = 0;
  70   4                      hansen.paoji_min++;
  71   4                      if( hansen.paoji_min == 60 )
  72   4                      {
  73   5                          hansen.paoji_min = 0;
  74   5                          hansen.paoji_h++;
  75   5                      }
  76   4                  }
  77   3                  hansen.paoji_send = 1;
  78   3              }
  79   2          }else
  80   1          {
  81   2              hansen.paoji_send = 0;
  82   2              hansen.paoji_h = hansen.paoji_min = hansen.paoji_s = 0;
  83   2              paoji_cnt = 0;
  84   2          }
  85   1      
  86   1          if(( sp350.params_get_flag1 == 1 ) && ( sp350.params_get_flag2 == 0 ))
  87   1          {
  88   2              scan_03_cnt_350p++;
  89   2              if( scan_03_cnt_350p == 200 )
  90   2              {
  91   3                  sp350.params_get_flag2 = 1;
  92   3                  scan_03_cnt_350p = 0;
  93   3              }
  94   2          }else
  95   1          {
  96   2              scan_03_cnt_350p = 0;
  97   2          }
  98   1      
  99   1          if(( mc01.params_get_flag1 == 1 ) && ( mc01.params_get_flag2 == 0 ))
 100   1          {
 101   2              scan_03_cnt_mc01++;
 102   2              if( scan_03_cnt_mc01 == 500 )
 103   2              {
 104   3                  mc01.params_get_flag2 = 1;
 105   3                  scan_03_cnt_mc01 = 0;
 106   3              }
 107   2          }else
 108   1          {
 109   2              scan_03_cnt_mc01 = 0;
 110   2          }
 111   1      
 112   1      
 113   1          if( mc01.temp_scan_flag == 0 )
 114   1          {
 115   2              temp_scan_cnt++;
C51 COMPILER V9.60.7.0   TIM                                                               11/07/2025 00:56:35 PAGE 3   

 116   2              if( temp_scan_cnt == 1000 )
 117   2              {
 118   3                  mc01.temp_scan_flag = 1;
 119   3                  temp_scan_cnt = 0;
 120   3              }
 121   2          }
 122   1          if(( temp_scan_cnt >= 1000 ) || ( temp_scan_cnt < 0 ))
 123   1          {
 124   2              temp_scan_cnt = 0;
 125   2          }
 126   1      
 127   1          if(( rs485_2.fun06_rcv_out == 0 ) && ( rs485_2.comm_error_flag == 0))
 128   1          {
 129   2              send06_cnt++;
 130   2              if( send06_cnt == 500 )
 131   2              {
 132   3                  rs485_2.comm_error_flag = 1;
 133   3                  rs485_2.fun04_rcv_out   = 0;
 134   3                  send06_cnt = 0;
 135   3              }
 136   2          }else
 137   1          {
 138   2              send06_cnt = 0;
 139   2          }
 140   1      
 141   1          if(( rs485_2.fun04_rcv_out == 0 ) && ( rs485_2.comm_error_flag == 0))
 142   1          {
 143   2              send04_cnt++;
 144   2              if( send04_cnt == 500 )
 145   2              {
 146   3                  rs485_2.comm_error_flag = 1;
 147   3                  rs485_2.fun06_rcv_out   = 0;
 148   3                  send04_cnt = 0;
 149   3              }
 150   2          }else
 151   1          {
 152   2              send04_cnt = 0;
 153   2          }
 154   1      
 155   1          if(( rs485_2.press_flag1 == 1 ) && ( rs485_2.press_flag2 == 0 ))
 156   1          {
 157   2              press_cnt++;
 158   2              if( press_cnt == 3000 )
 159   2              {
 160   3                  rs485_2.press_flag1 = 0;
 161   3              }
 162   2          }else
 163   1          {
 164   2              press_cnt = 0;
 165   2          }
 166   1      }
 167          


MODULE INFORMATION:   STATIC OVERLAYABLE
   CODE SIZE        =    595    ----
   CONSTANT SIZE    =   ----    ----
   XDATA SIZE       =     15    ----
   PDATA SIZE       =   ----    ----
   DATA SIZE        =   ----    ----
   IDATA SIZE       =   ----    ----
   BIT SIZE         =      1    ----
C51 COMPILER V9.60.7.0   TIM                                                               11/07/2025 00:56:35 PAGE 4   

END OF MODULE INFORMATION.


C51 COMPILATION COMPLETE.  0 WARNING(S),  0 ERROR(S)
