C51 COMPILER V9.60.7.0   UART                                                              11/06/2025 19:53:03 PAGE 1   


C51 COMPILER V9.60.7.0, COMPILATION OF MODULE UART
OBJECT MODULE PLACED IN ..\Output\uart.obj
COMPILER INVOKED BY: D:\APP\KEIL\MDK\C51\BIN\C51.EXE ..\Core\Src\uart.c LARGE OPTIMIZE(8,SPEED) BROWSE INCDIR(..\BSP\Inc
                    -;..\Core\Inc;..\Driver;..\SYSTEM;..\Emembed\Inc) DEBUG OBJECTEXTEND PRINT(.\Listings\uart.lst) TABS(2) OBJECT(..\Output\
                    -uart.obj)

line level    source

   1          #include "uart.h"
   2          
   3          uint8_t  xdata R_u2[UART2_RX_LENTH];  //串口2接受数组
   4          uint8_t  xdata R_OD2;             //串口2收到数据
   5          uint16_t xdata R_CN2;           //串口2长度计数器
   6          uint8_t  xdata T_O2;            //串口2超时计数器
   7          bit        Busy2;             //串口2发送标志
   8          
   9          bit        Busy4;             //串口2发送标志
  10          
  11          bit        Response_flog;       //应答用
  12          bit        Auto_data_upload;    //数据自动上传用
  13          bit        Crc_check_flog;      //Crc校验标记
  14          bit        download_flag;     //串口2通讯与下载区分标志位
  15          
  16          uint32_t mima_val = 0;
  17          
  18          void burn_params_init( void )
  19          {
  20   1        R_OD2 = 0;
  21   1        R_CN2 = 0;
  22   1        T_O2  = 0;
  23   1        Busy2 = 0;
  24   1        Busy4 = 0;
  25   1        Response_flog    = 0;
  26   1        Auto_data_upload = 0;
  27   1        Crc_check_flog   = 0;
  28   1        download_flag    = 1;
  29   1      }
  30          
  31          void Uart2_Init( uint32_t baud )
  32          {
  33   1          MUX_SEL |= 0X40;        //[6] = 1 时，IO口 P0.4、P0.5作为uart2接口
  34   1      
  35   1      
  36   1          SCON0 = 0x50;           //uart2控制接口，SM1 = 1, REN0 = 1;
  37   1          ADCON = 0x80;           //波特率发生器选择  0x00=T1 定时器，0x80=使用 SREL0H:L。
  38   1          PCON &= 0x7f;           //[7] = 1 时，波特率倍频 为0则不倍频
  39   1      
  40   1          baud = 1024 - FOSC / 64 / baud;
  41   1      
  42   1          SREL0H = (uint8_t)(baud>>8);
  43   1          SREL0L = (uint8_t)baud;
  44   1      
  45   1          ES0 = 1;                //uart2 中断开启
  46   1        DR2_485 = 0;
  47   1      }
  48          
  49          void Uart4_Init( uint32_t baud )
  50          {
  51   1        SCON2T= 0x80;       //发送使能和模式设置
  52   1        SCON2R= 0x80;       //接受使能和模式设置 
  53   1        ES2R = 1;           //中断接受使能
C51 COMPILER V9.60.7.0   UART                                                              11/06/2025 19:53:03 PAGE 2   

  54   1          ES2T = 1;           //中断发送使能
  55   1      
  56   1          baud = FOSC/8/baud;
  57   1      
  58   1          BODE2_DIV_H = (uint8_t)(baud>>8);
  59   1          BODE2_DIV_L = (uint8_t)baud;
  60   1      
  61   1          TR4=0;
  62   1      }
  63          
  64          void Uart5_Init( uint32_t baud )
  65          {
  66   1        SCON3T= 0x80;       //发送使能和模式设置
  67   1        SCON3R= 0x80;       //接受使能和模式设置 
  68   1        ES3R = 1;           //中断接受使能
  69   1          ES3T = 1;           //中断发送使能
  70   1      
  71   1          baud = FOSC/8/baud;
  72   1      
  73   1        BODE3_DIV_H = (uint8_t)(baud>>8);
  74   1          BODE3_DIV_L = (uint8_t)baud;
  75   1      
  76   1          TR5 = 0;
  77   1      }
  78          
  79          /*    串口2下载程序   */
  80          void uart_frame_deal( void )
  81          {
  82   1        //串口2数据收发
  83   1        if(( R_OD2 == 1 ) && ( T_O2 == 0 ))
  84   1        {
  85   2          R_OD2=0;
  86   2          deal_uart_data(R_u2,(uint16_t*)(&R_CN2),2,RESPONSE_UART2,CRC_CHECK_UART2);
  87   2          R_CN2=0;
  88   2        } 
  89   1      }
  90          
  91          void deal_uart_data(uint8_t* Arr_rece,uint16_t* Data_len,uint8_t Uart_num,bit Response,bit Crc_ck)
  92          {
  93   1        uint16_t N = 0; 
  94   1        bit Flog = 1;
  95   1      
  96   1        while(Flog)
  97   1        {   
  98   2          if(( Arr_rece[N] == DTHD1 ) && ( Arr_rece[N+1] == DTHD2 ))   //5A A5 07 82 1000 0001 0002
  99   2          {      
 100   3            if( Arr_rece[N+3] == 0x82 )     
 101   3            {    
 102   4              Response_flog = Response;       //应答标记
 103   4              Crc_check_flog = Crc_ck;        //Crc标记
 104   4              deal_82_cmd(Uart_num,Arr_rece + N);   //处理82指令
 105   4              N = N + Arr_rece[N + 2] + 2;
 106   4            }                         // 0  1  2  3  4  5  6  7 8  9 10
 107   3            else if( Arr_rece[N + 3] == 0x83 )        //5A A5 08 83 1000 02 0001 0002
 108   3            {     
 109   4              uint8_t Val[FRAME_LEN] = {0}; 
 110   4              Crc_check_flog = Crc_ck;        //Crc标记
 111   4              deal_83_cmd(Uart_num, Val, Arr_rece + N);//处理83指令
 112   4              N = N + Arr_rece[N + 2] + 2;
 113   4            }else
 114   3            {
 115   4              N++;
C51 COMPILER V9.60.7.0   UART                                                              11/06/2025 19:53:03 PAGE 3   

 116   4            }   
 117   3          }
 118   2          if( N < (*Data_len - 4)) 
 119   2          {
 120   3            N++;
 121   3          }
 122   2          else 
 123   2          {
 124   3            Flog=0; 
 125   3          }           
 126   2        }
 127   1      }
 128          
 129          void  deal_82_cmd(uint8_t Uart, uint8_t* arr)
 130          {    
 131   1        uint8_t i = 0;
 132   1      
 133   1        if( Crc_check_flog == 0 ) //不含CRC检验
 134   1        {    
 135   2          if(arr[4] == 0x00 && arr[5] == 0x06)
 136   2          {
 137   3            Write_Dgus(0x0006,0x5aa5);
 138   3            Write_Dgus(0x0007,0X8000);
 139   3          }else
 140   2          {
 141   3            Write_Dgusii_Vp_byChar((arr[4] << 8) + arr[5],arr + 6,arr[2] - 3);  
 142   3          }
 143   2          
 144   2          if( Response_flog == 1 )   
 145   2          {
 146   3            uint8_t Temp_arr[]={DTHD1,DTHD2,0X03,0X82,0X4F,0X4B};   
 147   3                        
 148   3            for(i = 0; i < 6; i++)
 149   3            {
 150   4              uart_send_byte(Uart,Temp_arr[i]); //5A A5 03 82 4F 4B
 151   4            }                    
 152   3          }
 153   2        }
 154   1      }
 155          
 156          void  deal_83_cmd(uint8_t Uart, uint8_t* arr, uint8_t* arr1)
 157          {
 158   1          uint8_t i = 0;
 159   1      
 160   1          if( Crc_check_flog == 0 ) //不含CRC检验
 161   1          {   
 162   2              for( i = 0; i < 7; i++ )
 163   2              {
 164   3                  arr[i] = arr1[i];
 165   3              }
 166   2      
 167   2              sys_read_vp((arr[4] << 8) + arr[5], (uint8_t*) & arr[7], arr[6]);
 168   2              arr[2]=(2 * arr[6]) + 4;
 169   2      
 170   2              for(i = 0; i < (arr[2] + 3); i++)
 171   2              {
 172   3                  uart_send_byte(Uart, arr[i]);
 173   3              }                              
 174   2          }
 175   1      }
 176          
 177          void uart_send_byte(uint8_t Uart_number, uint8_t Dat)
C51 COMPILER V9.60.7.0   UART                                                              11/06/2025 19:53:03 PAGE 4   

 178          {
 179   1          download_flag = 1;
 180   1      
 181   1          if( Uart_number == 2 )
 182   1          {
 183   2              while (Busy2);               
 184   2              Busy2 = 1;
 185   2              SBUF0 = Dat;         
 186   2          }
 187   1      }
 188          
 189          /*    自动上传处理    */
 190          void  Sw_Data_Send()
 191          {
 192   1        uint16_t  Va=Read_Dgus(0x0f00);
 193   1        uint16_t  V1=Read_Dgus(0x0f01);
 194   1        uint16_t addr_vol;
 195   1        uint8_t  val_H;
 196   1        uint8_t  val_L;
 197   1      
 198   1        if( ((uint8_t)(Va >> 8)) == 0x5A )
 199   1        {    
 200   2          uint8_t i = 0;
 201   2          uint16_t Temp = 0;
 202   2          uint8_t Val[100] = {0};      //5A A5 06 83 ADDR Len XX XX 
 203   2      
 204   2          Val[0] = 0x5A;
 205   2          Val[1] = 0xA5;
 206   2          Val[2] = (((uint8_t)V1) << 1) + 4;
 207   2          Val[3] = 0x83;
 208   2          Val[4] = (uint8_t)Va; 
 209   2          Val[5] = (uint8_t)(V1 >> 8);
 210   2          Val[6] = (uint8_t)V1;
 211   2          for(i = 0; i < (uint8_t)V1; i++)
 212   2          {
 213   3            Temp=Read_Dgus(((Val[4] << 8) + Val[5] + i));
 214   3            Val[7 + 2 * i] = (uint8_t)(Temp >> 8);
 215   3            Val[8 + 2 * i] = (uint8_t)(Temp);
 216   3          }
 217   2          addr_vol = (Val[4] << 8) | ( Val[5] & 0xff);
 218   2          // printf("addr is %04x\r\n",addr_vol);
 219   2          
 220   2          val_H = Val[7];
 221   2          val_L = Val[8];
 222   2          if( Val[6] == 2 )
 223   2          {
 224   3            if((Val[7]==0x00)&&(Val[8]==0x03)&&(Val[9]==0x64)&&(Val[10]==0x0e))
 225   3            {
 226   4              mima_val = 222222;
 227   4            }
 228   3          }
 229   2      
 230   2          gui_vol_ctrl(addr_vol, val_H, val_L);
 231   2      
 232   2          //uart_data_send(Val, 2, 1, CRC_CHECK_UART2); 
 233   2          Write_Dgus(0x0f00, 0);Write_Dgus(0x0f01, 0);
 234   2        }
 235   1      }
 236          
 237          /****************************数据自动上传************************************************/
 238          void uart_data_send(uint8_t* Arr,uint8_t Uartnum,bit Outo_send,bit Crc_ck )
 239          {
C51 COMPILER V9.60.7.0   UART                                                              11/06/2025 19:53:03 PAGE 5   

 240   1        uint8_t i = 0;      
 241   1        Auto_data_upload = Outo_send;
 242   1        if( Auto_data_upload ) 
 243   1        {
 244   2          for(i = 0; i < Arr[2] + 3; i++)
 245   2          {
 246   3            uart_send_byte(Uartnum, Arr[i]);  
 247   3          }
 248   2        }              
 249   1      }
*** WARNING C280 IN LINE 238 OF ..\Core\Src\uart.c: 'Crc_ck': unreferenced local variable


MODULE INFORMATION:   STATIC OVERLAYABLE
   CODE SIZE        =   1586    ----
   CONSTANT SIZE    =    361    ----
   XDATA SIZE       =   2056     409
   PDATA SIZE       =   ----    ----
   DATA SIZE        =   ----    ----
   IDATA SIZE       =   ----    ----
   BIT SIZE         =      6       5
END OF MODULE INFORMATION.


C51 COMPILATION COMPLETE.  1 WARNING(S),  0 ERROR(S)
