C51 COMPILER V9.60.7.0   COMMON                                                            09/24/2025 09:13:48 PAGE 1   


C51 COMPILER V9.60.7.0, COMPILATION OF MODULE COMMON
OBJECT MODULE PLACED IN ..\Output\common.obj
COMPILER INVOKED BY: D:\APP\KEIL\MDK\C51\BIN\C51.EXE ..\Emembed\Src\common.c LARGE OPTIMIZE(8,SPEED) BROWSE INCDIR(..\BS
                    -P\Inc;..\Core\Inc;..\Driver;..\Emembed\Inc;..\SYSTEM\Inc) DEBUG OBJECTEXTEND PRINT(.\Listings\common.lst) TABS(2) OBJECT
                    -(..\Output\common.obj)

line level    source

   1          #include "common.h"
   2          
   3          /**
   4           * @brief 一些定时执行的事件   Timer3：10ms
   5           *
   6           * @param   
   7           *
   8           * @return  void
   9          **/
  10          void Tim3_ISR( void ) interrupt 19
  11          {
  12   1          static uint16_t temp_scan_cnt = 0;
  13   1      
  14   1          /* 3, temp 上报 1s/次                             */
  15   1          if( temp.scan_flag == 0 )
  16   1          {
  17   2              temp_scan_cnt++;
  18   2              if( temp_scan_cnt == 100 )
  19   2              {
  20   3                  temp.scan_flag = 1;
  21   3                  temp_scan_cnt  = 0;
  22   3              }
  23   2          }
  24   1      
  25   1      }
  26          
  27          /**
  28           * @brief Timer1中断处理函数
  29           *
  30           * @param   
  31           *
  32           * @return  void
  33          **/
  34          void Tim1_ISR( void ) interrupt 3   //100us
  35          {
  36   1          static uint16_t sf_cnt = 0;
  37   1          static uint16_t df_cnt = 0;
  38   1      
  39   1          sf_cnt++;
  40   1          if( sf_cnt == slave_06.sf_level )
  41   1          {
  42   2              SF_24V = 0;
  43   2          }
  44   1          if( sf_cnt == 100 )
  45   1          {
  46   2              SF_24V = 1;
  47   2              sf_cnt = 0;
  48   2          }
  49   1      
  50   1          df_cnt++;
  51   1          if( df_cnt == slave_06.df_level )
  52   1          {
  53   2              DF_24V = 0;
C51 COMPILER V9.60.7.0   COMMON                                                            09/24/2025 09:13:48 PAGE 2   

  54   2          }
  55   1          if( df_cnt == 100 )
  56   1          {
  57   2              DF_24V = 1;
  58   2              df_cnt = 0;
  59   2          }
  60   1      }


MODULE INFORMATION:   STATIC OVERLAYABLE
   CODE SIZE        =    197    ----
   CONSTANT SIZE    =   ----    ----
   XDATA SIZE       =      6    ----
   PDATA SIZE       =   ----    ----
   DATA SIZE        =   ----    ----
   IDATA SIZE       =   ----    ----
   BIT SIZE         =   ----    ----
END OF MODULE INFORMATION.


C51 COMPILATION COMPLETE.  0 WARNING(S),  0 ERROR(S)
