C51 COMPILER V9.60.7.0   EEPROM_CRL                                                        09/24/2025 09:13:48 PAGE 1   


C51 COMPILER V9.60.7.0, COMPILATION OF MODULE EEPROM_CRL
OBJECT MODULE PLACED IN ..\Output\eeprom_crl.obj
COMPILER INVOKED BY: D:\APP\KEIL\MDK\C51\BIN\C51.EXE ..\BSP\Src\eeprom_crl.c LARGE OPTIMIZE(8,SPEED) BROWSE INCDIR(..\BS
                    -P\Inc;..\Core\Inc;..\Driver;..\Emembed\Inc;..\SYSTEM\Inc) DEBUG OBJECTEXTEND PRINT(.\Listings\eeprom_crl.lst) TABS(2) OB
                    -JECT(..\Output\eeprom_crl.obj)

line level    source

   1          #include "eeprom_crl.h"
   2          
   3          /**
   4           * @brief eeprom状态判定，是否写入过
   5           *
   6           * @param   
   7           *
   8           * @return  void
   9          **/
  10          void eeprom_statu_judge( void )
  11          {
  12   1          uint8_t eeprom_statu_flag;
  13   1      
  14   1          eeprom_statu_flag = ISP_Read(EEPROM_STATU_JUDGE);
  15   1      
  16   1          if( eeprom_statu_flag != 0x58 )
  17   1          {
  18   2              slave_06.tc_preheat_temp    = 60;
  19   2              slave_06.tc_alarm_temp      = 80;
  20   2              slave_06.sf_level           = 30;
  21   2              slave_06.df_level           = 30;
  22   2              slave_06.iw1_switch         = 1;
  23   2              slave_06.iw2_switch         = 1;
  24   2              slave_06.cw_switch          = 1;
  25   2              slave_06.mr_switch          = 1;
  26   2              slave_06.sync_switch        = 1;
  27   2      
  28   2              eeprom_data_record(); 
  29   2          }
  30   1          eeprom_data_init();    
  31   1      }
  32          
  33          /**
  34           * @brief 主机更改参数后写入
  35           *
  36           * @param   
  37           *
  38           * @return  void
  39          **/
  40          void eeprom_data_record( void )
  41          {
  42   1          ISP_Earse(0x0000);
  43   1      
  44   1          ISP_Write(PREHEAT_TEMP_ADDR,slave_06.tc_preheat_temp);
  45   1          ISP_Write(ALARM_TEMP_ADDR,slave_06.tc_alarm_temp);
  46   1          ISP_Write(SF24_ADDR,slave_06.sf_level);
  47   1          ISP_Write(DF24_ADDR,slave_06.df_level);
  48   1          ISP_Write(IW1_ADDR,slave_06.iw1_switch);
  49   1          ISP_Write(IW2_ADDR,slave_06.iw2_switch);
  50   1          ISP_Write(CW_ADDR,slave_06.cw_switch);
  51   1          ISP_Write(MR_ADDR,slave_06.mr_switch);
  52   1          ISP_Write(SYNC_ADDR,slave_06.sync_switch);
  53   1      
C51 COMPILER V9.60.7.0   EEPROM_CRL                                                        09/24/2025 09:13:48 PAGE 2   

  54   1          ISP_Write(EEPROM_STATU_JUDGE,0x58);
  55   1      
  56   1          delay_ms(10);
  57   1      }
  58          
  59          
  60          /**
  61           * @brief eeprom 数据初始化
  62           *
  63           * @param   
  64           *
  65           * @return  void
  66          **/
  67          void eeprom_data_init( void )
  68          {
  69   1          slave_06.tc_preheat_temp = ISP_Read(PREHEAT_TEMP_ADDR);
  70   1      
  71   1          slave_06.tc_alarm_temp   = ISP_Read(ALARM_TEMP_ADDR);
  72   1      
  73   1          slave_06.sf_level        = ISP_Read(SF24_ADDR);
  74   1      
  75   1          slave_06.df_level        = ISP_Read(DF24_ADDR);
  76   1      
  77   1          slave_06.iw1_switch      = ISP_Read(IW1_ADDR);
  78   1          slave_06.iw2_switch      = ISP_Read(IW2_ADDR);
  79   1          IW_ctrl();
  80   1      
  81   1          slave_06.cw_switch       = ISP_Read(CW_ADDR);
  82   1          CW_ctrl();
  83   1      
  84   1          slave_06.mr_switch       = ISP_Read(MR_ADDR);
  85   1          MR_ctrl();
  86   1      
  87   1          slave_06.sync_switch     = ISP_Read(SYNC_ADDR);
  88   1      
  89   1          PN1_24V = DD_24V = PN2_24V = 1;
  90   1      }


MODULE INFORMATION:   STATIC OVERLAYABLE
   CODE SIZE        =    302    ----
   CONSTANT SIZE    =   ----    ----
   XDATA SIZE       =   ----    ----
   PDATA SIZE       =   ----    ----
   DATA SIZE        =   ----    ----
   IDATA SIZE       =   ----    ----
   BIT SIZE         =   ----    ----
END OF MODULE INFORMATION.


C51 COMPILATION COMPLETE.  0 WARNING(S),  0 ERROR(S)
