C51 COMPILER V9.60.7.0   GPIO                                                              09/24/2025 09:13:48 PAGE 1   


C51 COMPILER V9.60.7.0, COMPILATION OF MODULE GPIO
OBJECT MODULE PLACED IN ..\Output\gpio.obj
COMPILER INVOKED BY: D:\APP\KEIL\MDK\C51\BIN\C51.EXE ..\Core\Src\gpio.c LARGE OPTIMIZE(8,SPEED) BROWSE INCDIR(..\BSP\Inc
                    -;..\Core\Inc;..\Driver;..\Emembed\Inc;..\SYSTEM\Inc) DEBUG OBJECTEXTEND PRINT(.\Listings\gpio.lst) TABS(2) OBJECT(..\Out
                    -put\gpio.obj)

line level    source

   1          /*
   2          |P0^0|RX3       |P1^0|RX2       |P2^0|AC_OUT_1  |P3^0|RX1       |P4^0|          |P5^0|     
   3          |P0^1|TX3       |P1^1|TX2       |P2^1|Relay3    |P3^1|TX1       |P4^1|Sensor_2  |P5^1|     
   4          |P0^2|RX4       |P1^2|          |P2^2|Relay2    |P3^2|ZERO      |P4^2|Sensor_1  |P5^2|     
   5          |P0^3|TX4       |P1^3|CB_ADC    |P2^3|Relay1    |P3^3|CW_24V    |P4^3|          |P5^3|     
   6          |P0^4|DR4       |P1^4|PN2_ADC   |P2^4|          |P3^4|SF_24V    |P4^4|AC_OUT_2  |P5^4|PN1_ADC
   7          |P0^5|PN1_24V   |P1^5|DP_ADC    |P2^5|          |P3^5|Sensor_5  |P4^5|          |P5^5|             
   8          |P0^6|CB_24V    |P1^6|CW_ADC    |P2^6|          |P3^6|Sensor_4  |P4^6|          |P5^6|     
   9          |P0^7|PN2_24V   |P1^7|SF_ADC    |P2^7|          |P3^7|Sensor_3  |P4^7|DP_24V    |P5^7|     
  10          */ 
  11          
  12          #include "gpio.h"
  13          
  14          /**
  15           * @brief GPIO初始化
  16           *
  17           * @param   void
  18           *
  19           * @return  void
  20           */
  21          void GPIO_Init( void )
  22          {
  23   1          P0M0 = 0xfa;    P0M1 = 0x00;        //P0.1、P0.3、P0.4、P0.5、P0.6、P0.7为推挽输出
  24   1          P1M0 = 0x02;    P1M1 = 0x00;        //P1.1为高阻输入
  25   1          P2M0 = 0x0f;    P2M1 = 0x00;        //P2.0、P2.1、P2.2、P2.3为推挽输出
  26   1          P3M0 = 0X1a;    P3M1 = 0X00;        //P3.1、P3.3、P3.4为推挽输出
  27   1          P4M0 = 0x90;    P4M1 = 0x00;        //P4.4、P4.7为推挽输出       
  28   1          P5M0 = 0X00;    P5M1 = 0X00;    
  29   1      }


MODULE INFORMATION:   STATIC OVERLAYABLE
   CODE SIZE        =     31    ----
   CONSTANT SIZE    =   ----    ----
   XDATA SIZE       =   ----    ----
   PDATA SIZE       =   ----    ----
   DATA SIZE        =   ----    ----
   IDATA SIZE       =   ----    ----
   BIT SIZE         =   ----    ----
END OF MODULE INFORMATION.


C51 COMPILATION COMPLETE.  0 WARNING(S),  0 ERROR(S)
