C51 COMPILER V9.60.7.0   MAIN                                                              11/07/2025 01:00:31 PAGE 1   


C51 COMPILER V9.60.7.0, COMPILATION OF MODULE MAIN
OBJECT MODULE PLACED IN ..\Output\main.obj
COMPILER INVOKED BY: D:\APP\KEIL\MDK\C51\BIN\C51.EXE ..\Core\Src\main.c LARGE OPTIMIZE(8,SPEED) BROWSE INCDIR(..\BSP\Inc
                    -;..\Core\Inc;..\Driver;..\Emembed\Inc;..\SYSTEM\Inc) DEBUG OBJECTEXTEND PRINT(.\Listings\main.lst) TABS(2) OBJECT(..\Out
                    -put\main.obj)

line level    source

   1          #include "main.h"
   2          
   3          void main( void )
   4          {
   5   1          P_SW2 |= 0x80;
   6   1          
   7   1          GPIO_Init();
   8   1      
   9   1          /*  调试使用 printf  */
  10   1          Uart1_Init();
  11   1      
  12   1          /*  温度控制  */
  13   1          ADC_Init();
  14   1      
  15   1          /*  485控制  */
  16   1          Uart4_Init();               //串口4用作485
  17   1          Uart4_Send_Statu_Init();    //接收发送初始化
  18   1          Timer0_Init();              //不定长数据接收
  19   1      
  20   1          /*  定时事件  */
  21   1          Timer3_Init();
  22   1          Timer1_Init();
  23   1      
  24   1          eeprom_statu_judge();       //EEPROM初始化
  25   1          
  26   1          EA = 1;     //中断总开关
  27   1          printf("========== code start ========== \r\n");
  28   1          WK_220V = 1;
  29   1          temp.scan_flag = 0;
  30   1          while (1)
  31   1          {
  32   2              Modbus_Event();
  33   2              ac_dc_ctrl();
  34   2              temp_scan();
  35   2          }  
  36   1      }


MODULE INFORMATION:   STATIC OVERLAYABLE
   CODE SIZE        =     59    ----
   CONSTANT SIZE    =     36    ----
   XDATA SIZE       =   ----    ----
   PDATA SIZE       =   ----    ----
   DATA SIZE        =   ----    ----
   IDATA SIZE       =   ----    ----
   BIT SIZE         =   ----    ----
END OF MODULE INFORMATION.


C51 COMPILATION COMPLETE.  0 WARNING(S),  0 ERROR(S)
