C51 COMPILER V9.60.7.0   POWER_CRL                                                         09/24/2025 09:13:48 PAGE 1   


C51 COMPILER V9.60.7.0, COMPILATION OF MODULE POWER_CRL
OBJECT MODULE PLACED IN ..\Output\power_crl.obj
COMPILER INVOKED BY: D:\APP\KEIL\MDK\C51\BIN\C51.EXE ..\BSP\Src\power_crl.c LARGE OPTIMIZE(8,SPEED) BROWSE INCDIR(..\BSP
                    -\Inc;..\Core\Inc;..\Driver;..\Emembed\Inc;..\SYSTEM\Inc) DEBUG OBJECTEXTEND PRINT(.\Listings\power_crl.lst) TABS(2) OBJE
                    -CT(..\Output\power_crl.obj)

line level    source

   1          #include "power_crl.h"
   2          
   3          SLAVE_06 slave_06;
   4          SLAVE_04 slave_04;
   5          
   6          /**
   7           * @brief 同步控制函数：无外部信号时 PWM风扇和220V输出关闭
   8           *
   9           * @param   
  10           *
  11           * @return  void
  12          **/
  13          void sync_ctrl( void )
  14          {
  15   1          
  16   1      }
  17          
  18          /**
  19           * @brief 温度扫描，DHT11温湿度扫描 1s/次 控制220V输出使能
  20           *
  21           * @param[in] 
  22           * 
  23           * @return  
  24           * 
  25          **/
  26          void temp_scan( void )
  27          {
  28   1          if( temp.scan_flag == 1)
  29   1          {
  30   2      
  31   2              temp.scan_flag = 0;
  32   2          }
  33   1      }
  34          
  35          /**
  36           * @brief 吸风开关控制（继电器） x2
  37           *
  38           * @param[in] 
  39           * 
  40           * @return  
  41           * 
  42          **/
  43          void IW_ctrl( void )
  44          {
  45   1          if( slave_06.iw1_switch == 1 )
  46   1          {
  47   2              IW_1 = 1;
  48   2          }else
  49   1          {
  50   2              IW_1 = 0;
  51   2          }
  52   1      
  53   1          if( slave_06.iw2_switch == 1 )
C51 COMPILER V9.60.7.0   POWER_CRL                                                         09/24/2025 09:13:48 PAGE 2   

  54   1          {
  55   2              IW_2 = 1;
  56   2          }else
  57   1          {
  58   2              IW_2 = 0;
  59   2          }
  60   1      }
  61          
  62          /**
  63           * @brief 冷风开关控制
  64           *
  65           * @param[in] 
  66           * 
  67           * @return  
  68           * 
  69          **/
  70          void CW_ctrl( void )
  71          {
  72   1          if( slave_06.cw_switch == 1 )
  73   1          {
  74   2              CW_24V = 1;
  75   2          }else
  76   1          {
  77   2              CW_24V = 0;
  78   2          }
  79   1      }
  80          
  81          /**
  82           * @brief 收料开关控制
  83           *
  84           * @param[in] 
  85           * 
  86           * @return  
  87           * 
  88          **/
  89          void MR_ctrl( void )
  90          {
  91   1          if( slave_06.mr_switch == 1 )
  92   1          {
  93   2              MR_220V = AC_ON;
  94   2          }else
  95   1          {
  96   2              MR_220V = AC_OFF;
  97   2          }
  98   1      }


MODULE INFORMATION:   STATIC OVERLAYABLE
   CODE SIZE        =     63    ----
   CONSTANT SIZE    =   ----    ----
   XDATA SIZE       =     10    ----
   PDATA SIZE       =   ----    ----
   DATA SIZE        =   ----    ----
   IDATA SIZE       =   ----    ----
   BIT SIZE         =   ----    ----
END OF MODULE INFORMATION.


C51 COMPILATION COMPLETE.  0 WARNING(S),  0 ERROR(S)
