C51 COMPILER V9.60.7.0   TIM                                                               11/06/2025 19:23:32 PAGE 1   


C51 COMPILER V9.60.7.0, COMPILATION OF MODULE TIM
OBJECT MODULE PLACED IN ..\Output\tim.obj
COMPILER INVOKED BY: D:\APP\KEIL\MDK\C51\BIN\C51.EXE ..\Core\Src\tim.c LARGE OPTIMIZE(8,SPEED) BROWSE INCDIR(..\BSP\Inc;
                    -..\Core\Inc;..\Driver;..\Emembed\Inc;..\SYSTEM\Inc) DEBUG OBJECTEXTEND PRINT(.\Listings\tim.lst) TABS(2) OBJECT(..\Outpu
                    -t\tim.obj)

line level    source

   1          /*
   2            tim0:串口4不定长数据接收
   3            tim1:移相斩波
   4            tim2:串口1
   5            tim3:用于一些定时执行的事件 
   6            tim4:串口4
   7          */
   8          
   9          #include "tim.h"
  10          
  11          /**
  12           * @brief Timer0初始化函数 用于串口4不定长数据接收
  13           *
  14           * @param   
  15           *
  16           * @return  void
  17          **/
  18          void Timer0_Init( void )   //1ms@11.0592MHz   16位手动重装载
  19          {
  20   1        AUXR |= 0x80;      //定时器时钟1T模式
  21   1        TMOD &= 0xF0;      //设置定时器模式
  22   1        TL0   = 0xCD;      //设置定时初始值
  23   1        TH0   = 0xD4;            //设置定时初始值
  24   1        TF0   = 0;         //清除TF0标志
  25   1        TR0   = 1;         //定时器0开始计时
  26   1      
  27   1          ET0   = 1;         //打开IE-ET0，TIM0中断
  28   1      }
  29          
  30          /**
  31           * @brief Timer1初始化函数
  32           *
  33           * @param   
  34           *
  35           * @return  void
  36          **/
  37          void Timer1_Init( void )  //100us@11.0592Mhz   16位手动重装载
  38          {   
  39   1        AUXR |= 0x40;     //定时器时钟1T模式
  40   1        TMOD &= 0x0F;     //设置定时器模式
  41   1      
  42   1        TL1   = 0xAE;     //设置定时初始值
  43   1        TH1   = 0xFB;     //设置定时初始值
  44   1      
  45   1        TF1   = 0;        //清除TF1标志
  46   1        TR1   = 1;        //定时器1开始计时
  47   1      
  48   1        ET1   = 1;        //打开IE-ET0，TIM0中断
  49   1      }
  50          
  51          
  52          
  53          /**
C51 COMPILER V9.60.7.0   TIM                                                               11/06/2025 19:23:32 PAGE 2   

  54           * @brief Timer3初始化函数 用于一些定时执行的事件 
  55           *
  56           * @param   
  57           *
  58           * @return  void
  59          **/
  60          void Timer3_Init( void )  //10ms@11.0592Mhz   16位手动重装载
  61          {   
  62   1        T4T3M &= 0xFD;      //定时器时钟12T模式
  63   1        T3L    = 0x00;      //设置定时初始值
  64   1        T3H    = 0xDC;      //设置定时初始值
  65   1        T4T3M |= 0x08;      //定时器3开始计时
  66   1      
  67   1        IE2   |= 0X20;      //ET3 = 1 
  68   1      }


MODULE INFORMATION:   STATIC OVERLAYABLE
   CODE SIZE        =     54    ----
   CONSTANT SIZE    =   ----    ----
   XDATA SIZE       =   ----    ----
   PDATA SIZE       =   ----    ----
   DATA SIZE        =   ----    ----
   IDATA SIZE       =   ----    ----
   BIT SIZE         =   ----    ----
END OF MODULE INFORMATION.


C51 COMPILATION COMPLETE.  0 WARNING(S),  0 ERROR(S)
