C51 COMPILER V9.60.7.0   UART                                                              11/06/2025 19:23:32 PAGE 1   


C51 COMPILER V9.60.7.0, COMPILATION OF MODULE UART
OBJECT MODULE PLACED IN ..\Output\uart.obj
COMPILER INVOKED BY: D:\APP\KEIL\MDK\C51\BIN\C51.EXE ..\Core\Src\uart.c LARGE OPTIMIZE(8,SPEED) BROWSE INCDIR(..\BSP\Inc
                    -;..\Core\Inc;..\Driver;..\Emembed\Inc;..\SYSTEM\Inc) DEBUG OBJECTEXTEND PRINT(.\Listings\uart.lst) TABS(2) OBJECT(..\Out
                    -put\uart.obj)

line level    source

   1          /*
   2            tim0:串口4不定长数据接收
   3            tim1:移相斩波
   4            tim2:串口1
   5            tim3：
   6            tim4:串口4
   7          */
   8          #include "uart.h"
   9          
  10          /**
  11           * @brief 串口1初始化函数--tim2  用作串口通讯
  12           *
  13           * @param   
  14           *
  15           * @return  void
  16          **/
  17          void Uart1_Init(void) //115200bps@11.0592MHz
  18          {
  19   1        P_SW1 &= 0X3F;   //选择P3.0 P3.1为UART引脚
  20   1      
  21   1        SCON  = 0x50;   //8位数据,可变波特率
  22   1        AUXR |= 0x01;   //串口1选择定时器2为波特率发生器
  23   1      
  24   1        AUXR |= 0x04;   //定时器时钟1T模式
  25   1      
  26   1        T2L   = 0xE8;     //设置定时初始值
  27   1        T2H   = 0xFF;     //设置定时初始值
  28   1      
  29   1        AUXR |= 0x10;   //定时器2开始计时
  30   1      
  31   1        IE    = 0X10;   //ES = 1 
  32   1      }
  33          
  34          /**
  35           * @brief 串口4初始化函数--tim4  用作485通讯
  36           *
  37           * @param   
  38           *
  39           * @return  void
  40          **/
  41          void Uart4_Init(void) //115200bps@11.0592MHz
  42          {
  43   1        S4CON  = 0x10;    //8位数据,可变波特率
  44   1        S4CON |= 0x40;    //串口4选择定时器4为波特率发生器
  45   1      
  46   1        T4T3M |= 0x20;    //定时器时钟1T模式
  47   1      
  48   1        T4L    = 0xE8;      //设置定时初始值
  49   1        T4H    = 0xFF;      //设置定时初始值
  50   1      
  51   1        T4T3M |= 0x80;    //定时器4开始计时
  52   1      
  53   1        IE2   |= 0X10;    //ES4 = 1
C51 COMPILER V9.60.7.0   UART                                                              11/06/2025 19:23:32 PAGE 2   

  54   1      }
  55          


MODULE INFORMATION:   STATIC OVERLAYABLE
   CODE SIZE        =     47    ----
   CONSTANT SIZE    =   ----    ----
   XDATA SIZE       =   ----    ----
   PDATA SIZE       =   ----    ----
   DATA SIZE        =   ----    ----
   IDATA SIZE       =   ----    ----
   BIT SIZE         =   ----    ----
END OF MODULE INFORMATION.


C51 COMPILATION COMPLETE.  0 WARNING(S),  0 ERROR(S)
