C51 COMPILER V9.60.7.0   COMMON                                                            10/21/2025 16:12:29 PAGE 1   


C51 COMPILER V9.60.7.0, COMPILATION OF MODULE COMMON
OBJECT MODULE PLACED IN ..\Output\common.obj
COMPILER INVOKED BY: D:\APP\KEIL\MDK\C51\BIN\C51.EXE ..\Emembed\Src\common.c LARGE OPTIMIZE(8,SPEED) BROWSE INCDIR(..\BS
                    -P\Inc;..\Core\Inc;..\Driver;..\Emembed\Inc;..\SYSTEM\Inc) DEBUG OBJECTEXTEND PRINT(.\Listings\common.lst) TABS(2) OBJECT
                    -(..\Output\common.obj)

line level    source

   1          #include "common.h"
   2          
   3          /**
   4           * @brief 一些定时执行的事件   Timer4：10ms
   5           *
   6           * @param   
   7           *
   8           * @return  void
   9          **/
  10          void Tim4_ISR( void ) interrupt 20
  11          {
  12   1      
  13   1          static uint16_t temp_scan_cnt = 0;
  14   1      
  15   1          /* 1, 220V AC输出CH1~CH3固定最大功率输出           */
  16   1      
  17   1          /* 2, temp 上报 1s/次                             */
  18   1          temp_scan_cnt++;
  19   1          if( temp_scan_cnt == 100 )
  20   1          {
  21   2              temp.temp_scan_flag = 1;
  22   2              temp_scan_cnt = 0;
  23   2          }
  24   1      }


MODULE INFORMATION:   STATIC OVERLAYABLE
   CODE SIZE        =     51    ----
   CONSTANT SIZE    =   ----    ----
   XDATA SIZE       =      2    ----
   PDATA SIZE       =   ----    ----
   DATA SIZE        =   ----    ----
   IDATA SIZE       =   ----    ----
   BIT SIZE         =   ----    ----
END OF MODULE INFORMATION.


C51 COMPILATION COMPLETE.  0 WARNING(S),  0 ERROR(S)
