C51 COMPILER V9.60.7.0   POWER_CRL                                                         11/10/2025 16:56:01 PAGE 1   


C51 COMPILER V9.60.7.0, COMPILATION OF MODULE POWER_CRL
OBJECT MODULE PLACED IN ..\Output\power_crl.obj
COMPILER INVOKED BY: D:\APP\KEIL\MDK\C51\BIN\C51.EXE ..\BSP\Src\power_crl.c LARGE OPTIMIZE(8,SPEED) BROWSE INCDIR(..\BSP
                    -\Inc;..\Core\Inc;..\Driver;..\Emembed\Inc;..\SYSTEM\Inc) DEBUG OBJECTEXTEND PRINT(.\Listings\power_crl.lst) TABS(2) OBJE
                    -CT(..\Output\power_crl.obj)

line level    source

   1          #include "power_crl.h"
   2          
   3          AC_CTRL ac_ctrl;
   4          
   5          /**
   6           * @brief 移相触发调用结构体初始化
   7           *
   8           * @param   
   9           *
  10           * @return  void
  11          **/
  12          void Power_Statu_Init( void )
  13          {
  14   1          AC_Out1 = AC_Out2 = AC_Out3 = AC_Out4 = 1;
  15   1      }
  16          
  17          
  18          /**
  19           * @brief 24V LED开关控制函数
  20           *
  21           * @param   on_off：0：关闭 1：开启
  22           *
  23           * @return  void
  24          **/
  25          void led_ctrl( uint8_t on_off )
  26          {
  27   1          if( on_off == LED_ON )
  28   1          {
  29   2              DC_24V = 0;
  30   2          }else
  31   1          {
  32   2              DC_24V = 1;
  33   2          }
  34   1      }
  35          
  36          /**
  37           * @brief 24V PWM风扇档位控制函数
  38           *
  39           * @param   level :风扇档位 0~6档
  40           *
  41           * @return  void
  42          **/
  43          void fan_ctrl( uint8_t fan_SW,uint8_t level )
  44          {
  45   1          if( level == 0x01 )
  46   1          {
  47   2              level = 1;
  48   2          }
  49   1          if( level == 0x02 )
  50   1          {
  51   2              level = 2;
  52   2          }
  53   1          if( level == 0x04 )
C51 COMPILER V9.60.7.0   POWER_CRL                                                         11/10/2025 16:56:01 PAGE 2   

  54   1          {
  55   2              level = 3;
  56   2          }
  57   1          if( level == 0x08 )
  58   1          {
  59   2              level = 4;
  60   2          }
  61   1          if( level == 0x10 )
  62   1          {
  63   2              level = 5;
  64   2          }
  65   1          if( level == 0x20 )
  66   1          {
  67   2              level = 6;
  68   2          }
  69   1          PWMB_CCR7 = PWMB_CCR8 = level * 184;
  70   1          PWMB_BKR  = (fan_SW == 1) ? 0x80 : 0x00;
  71   1      }
  72          


MODULE INFORMATION:   STATIC OVERLAYABLE
   CODE SIZE        =     97    ----
   CONSTANT SIZE    =   ----    ----
   XDATA SIZE       =      6    ----
   PDATA SIZE       =   ----    ----
   DATA SIZE        =   ----    ----
   IDATA SIZE       =   ----    ----
   BIT SIZE         =   ----    ----
END OF MODULE INFORMATION.


C51 COMPILATION COMPLETE.  0 WARNING(S),  0 ERROR(S)
