C51 COMPILER V9.60.7.0   TIM                                                               11/10/2025 16:56:00 PAGE 1   


C51 COMPILER V9.60.7.0, COMPILATION OF MODULE TIM
OBJECT MODULE PLACED IN ..\Output\tim.obj
COMPILER INVOKED BY: D:\APP\KEIL\MDK\C51\BIN\C51.EXE ..\Core\Src\tim.c LARGE OPTIMIZE(8,SPEED) BROWSE INCDIR(..\BSP\Inc;
                    -..\Core\Inc;..\Driver;..\Emembed\Inc;..\SYSTEM\Inc) DEBUG OBJECTEXTEND PRINT(.\Listings\tim.lst) TABS(2) OBJECT(..\Outpu
                    -t\tim.obj)

line level    source

   1          #include "tim.h"
   2          
   3          /**
   4           * @brief Timer0初始化函数
   5           *
   6           * @param   
   7           *
   8           * @return  void
   9          **/
  10          void Timer0_Init( void )   //1ms@11.0592MHz   16位手动重装载
  11          {
  12   1        AUXR |= 0x80;      //定时器时钟1T模式
  13   1        TMOD &= 0xF0;      //设置定时器模式
  14   1        TL0   = 0xCD;      //设置定时初始值
  15   1        TH0   = 0xD4;            //设置定时初始值
  16   1        TF0   = 0;         //清除TF0标志
  17   1        TR0   = 1;         //定时器0开始计时
  18   1      
  19   1          ET0   = 1;         //打开IE-ET0，TIM0中断
  20   1      }
  21          
  22          /**
  23           * @brief Timer4初始化函数
  24           *
  25           * @param   
  26           *
  27           * @return  void
  28          **/
  29          void Timer4_Init( void )    //10ms@11.0592MHz    16位自动重装载
  30          {
  31   1        T4T3M &= 0xDF;      //定时器时钟12T模式
  32   1        T4L = 0x00;       //设置定时初始值
  33   1        T4H = 0xDC;       //设置定时初始值
  34   1        T4T3M |= 0x80;      //定时器4开始计时
  35   1      
  36   1        IE2  |=  0x40;      //打开IE2-ET4，TIM4中断
  37   1      }


MODULE INFORMATION:   STATIC OVERLAYABLE
   CODE SIZE        =     35    ----
   CONSTANT SIZE    =   ----    ----
   XDATA SIZE       =   ----    ----
   PDATA SIZE       =   ----    ----
   DATA SIZE        =   ----    ----
   IDATA SIZE       =   ----    ----
   BIT SIZE         =   ----    ----
END OF MODULE INFORMATION.


C51 COMPILATION COMPLETE.  0 WARNING(S),  0 ERROR(S)
