C51 COMPILER V9.60.7.0   COMMUNICATION                                                     11/21/2025 17:16:31 PAGE 1   


C51 COMPILER V9.60.7.0, COMPILATION OF MODULE COMMUNICATION
OBJECT MODULE PLACED IN ..\Output\communication.obj
COMPILER INVOKED BY: D:\APP\KEIL\MDK\C51\BIN\C51.EXE ..\BSP\Src\communication.c LARGE OPTIMIZE(8,SPEED) BROWSE INCDIR(..
                    -\BSP\Inc;..\Core\Inc;..\Driver;..\Emembed\Inc;..\SYSTEM\Inc) DEBUG OBJECTEXTEND PRINT(.\Listings\communication.lst) TABS
                    -(2) OBJECT(..\Output\communication.obj)

line level    source

   1          #include "communication.h"
   2          
   3          RS485 rs485;
   4          
   5          uint8_t TX1_busy_Flag = 0;
   6          
   7          /**
   8           * @brief 串口4调用结构体 rs485 初始化
   9           *
  10           * @param   
  11           *
  12           * @return  void
  13          **/
  14          void Uart4_Send_Statu_Init( void )
  15          {
  16   1          rs485.rcv_end_Flag = 0;
  17   1          rs485.send_buf[128] = 0;
  18   1          rs485.rcv_buf[128] = 0;
  19   1          rs485.send_bytelength = 0;
  20   1          rs485.send_cnt = 0;
  21   1          rs485.rcv_timeout = 0;
  22   1          rs485.rcv_cnt = 0;
  23   1          DR_485 = 0;
  24   1      }
  25          
  26          /**
  27           * @brief 串口4中断处理函数
  28           *
  29           * @param   
  30           *
  31           * @return  void
  32          **/
  33          void Uart4_ISR() interrupt 18 
  34          {   
  35   1      
  36   1          /* 1, 检测到S4TI置1，即发送完毕                       */
  37   1          if( S4CON & S4TI )          //
  38   1          {
  39   2              /* 2, 软件将S4TI清零，等待发送标志位重置，可继续发送    */
  40   2              S4CON &= ~S4TI;         
  41   2              
  42   2              /* 3, 依次将send_buf中数据送出（写S4BUF操作即为发送）    */
  43   2              if( rs485.send_bytelength != 0 )
  44   2              {
  45   3                  S4BUF = rs485.send_buf[rs485.send_cnt++];
  46   3                  rs485.send_bytelength--;
  47   3              }else
  48   2              {
  49   3                  rs485.send_cnt = 0;
  50   3                  DR_485 = 0;
  51   3              }
  52   2          }
  53   1          
C51 COMPILER V9.60.7.0   COMMUNICATION                                                     11/21/2025 17:16:31 PAGE 2   

  54   1          /* 1, 检测到S2RI置1，即接收完毕                       */
  55   1          if( S4CON & S4RI )
  56   1          {
  57   2              /* 2, 软件将S2RI清零，等待接收标志位重置，可继续发送    */
  58   2              S4CON &= ~S4RI;
  59   2              /* 3, 判断数据包是否接收完毕                           */
  60   2              if( !rs485.rcv_end_Flag )
  61   2              {
  62   3                  /* 4, 数据包大于RX_buf 则从头计数                  */
  63   3                  if( rs485.rcv_cnt > 128 )
  64   3                  {
  65   4                      rs485.rcv_cnt = 0;
  66   4                  }
  67   3      
  68   3                  /* 5, 依次将rcvbuf中数据接收（读S2BUF操作即为接收）*/
  69   3                  rs485.rcv_buf[rs485.rcv_cnt] = S4BUF;
  70   3                  rs485.rcv_cnt++;
  71   3              }
  72   2              /* 6, 重置接收完毕判断时间                              */
  73   2              rs485.rcv_timeout = 5;
  74   2          }
  75   1      }
  76          
  77          /**
  78           * @brief 是否接收完毕判断函数
  79           *
  80           * @param   
  81           *
  82           * @return  void
  83          **/
  84          void Tim0_ISR( void ) interrupt 1   //1ms
  85          {
  86   1          /* 1, 如果接收未超时                                             */
  87   1          if ( rs485.rcv_timeout != 0 )  
  88   1          {
  89   2              rs485.rcv_timeout--;
  90   2              /* 2, 如果接收超时                                          */
  91   2              if( rs485.rcv_timeout == 0 )  
  92   2              {
  93   3                  if( rs485.rcv_cnt > 0 )  
  94   3                  {   
  95   4                       /* 3, 接收完毕标志位亮起并初始化接收缓冲区         */
  96   4                      rs485.rcv_end_Flag = 1;    
  97   4                  }
  98   3              }
  99   2          } 
 100   1      }
 101          
 102          /**
 103           * @brief 串口1中断处理函数
 104           *
 105           * @param   
 106           *
 107           * @return  void
 108          **/
 109          void Uart1_ISR() interrupt 4
 110          {
 111   1          /* 1, 检测到S4TI置1，即发送完毕                       */
 112   1          if( TI == 1 )          //
 113   1          {
 114   2              /* 2, 软件将S4TI清零，等待发送标志位重置，可继续发送    */
 115   2              TI = 0;         
C51 COMPILER V9.60.7.0   COMMUNICATION                                                     11/21/2025 17:16:31 PAGE 3   

 116   2              TX1_busy_Flag = 0;
 117   2          }
 118   1          
 119   1          /* 1, 检测到S2RI置1，即接收完毕                       */
 120   1          if( RI == 1 )
 121   1          {
 122   2              /* 2, 软件将S2RI清零，等待接收标志位重置，可继续发送    */
 123   2              RI = 0;
 124   2          }
 125   1      }
 126          
 127          /**
 128           * @brief 串口重定向
 129           *
 130           * @param   c:字符串
 131           *
 132           * @return  c
 133          **/
 134          char putchar(char c)  // 串口重定向需要添加头文件stdio.h
 135          {
 136   1          SBUF = c;
 137   1          while(TX1_busy_Flag);
 138   1          TX1_busy_Flag = 1;
 139   1          return c;
 140   1      }


MODULE INFORMATION:   STATIC OVERLAYABLE
   CODE SIZE        =    254    ----
   CONSTANT SIZE    =   ----    ----
   XDATA SIZE       =    263    ----
   PDATA SIZE       =   ----    ----
   DATA SIZE        =   ----    ----
   IDATA SIZE       =   ----    ----
   BIT SIZE         =   ----    ----
END OF MODULE INFORMATION.


C51 COMPILATION COMPLETE.  0 WARNING(S),  0 ERROR(S)
