C51 COMPILER V9.60.7.0   GPIO                                                              11/21/2025 17:16:30 PAGE 1   


C51 COMPILER V9.60.7.0, COMPILATION OF MODULE GPIO
OBJECT MODULE PLACED IN ..\Output\gpio.obj
COMPILER INVOKED BY: D:\APP\KEIL\MDK\C51\BIN\C51.EXE ..\Core\Src\gpio.c LARGE OPTIMIZE(8,SPEED) BROWSE INCDIR(..\BSP\Inc
                    -;..\Core\Inc;..\Driver;..\Emembed\Inc;..\SYSTEM\Inc) DEBUG OBJECTEXTEND PRINT(.\Listings\gpio.lst) TABS(2) OBJECT(..\Out
                    -put\gpio.obj)

line level    source

   1          /*
   2          |P0^0|Sensor2  |P1^0|       |P2^0|PWM1       |P3^0|RX1        |P4^0|           |P5^0|     
   3          |P0^1|Sensor1  |P1^1|       |P2^1|PWM2       |P3^1|TX1        |P4^1|AC_Out1    |P5^1|     
   4          |P0^2|RX_485   |P1^2|       |P2^2|PWM3       |P3^2|ZERO       |P4^2|AC_Out2    |P5^2|     
   5          |P0^3|TX_485   |P1^3|       |P2^3|Buzzer     |P3^3|           |P4^3|AC_Out3    |P5^3|     
   6          |P0^4|DR_485   |P1^4|       |P2^4|thermo1    |P3^4|           |P4^4|Fan_Temp   |P5^4|
   7          |P0^5|         |P1^5|       |P2^5|thermo2    |P3^5|           |P4^5|TH_CS      |P5^5|             
   8          |P0^6|         |P1^6|       |P2^6|thermo3    |P3^6|           |P4^6|TH_SCK     |P5^6|     
   9          |P0^7|         |P1^7|       |P2^7|           |P3^7|           |P4^7|           |P5^7|     
  10          */ 
  11          
  12          #include "gpio.h"
  13          
  14          /**
  15           * @brief GPIO初始化
  16           *
  17           * @param   void
  18           *
  19           * @return  void
  20           */
  21          void GPIO_Init( void )
  22          {
  23   1          P0M0 = 0x18;    P0M1 = 0x00;        //P0.3、P0.4为推挽输出
  24   1          P1M0 = 0x00;    P1M1 = 0x00;        //
  25   1          P2M0 = 0x0f;    P2M1 = 0x00;        //P2.0、P2.1、P2.2、P2.3为推挽输出
  26   1          P3M0 = 0X02;    P3M1 = 0X00;        //P3.1为推挽输出
  27   1          P4M0 = 0x7e;    P4M1 = 0x00;        //P4.1、P4.2、P4.3、P4.4、P4.5、P4.6、P4.7为推挽输出   
             -    
  28   1          P5M0 = 0X00;    P5M1 = 0X00;    
  29   1      }


MODULE INFORMATION:   STATIC OVERLAYABLE
   CODE SIZE        =     30    ----
   CONSTANT SIZE    =   ----    ----
   XDATA SIZE       =   ----    ----
   PDATA SIZE       =   ----    ----
   DATA SIZE        =   ----    ----
   IDATA SIZE       =   ----    ----
   BIT SIZE         =   ----    ----
END OF MODULE INFORMATION.


C51 COMPILATION COMPLETE.  0 WARNING(S),  0 ERROR(S)
