C51 COMPILER V9.60.7.0   PWM                                                               11/21/2025 17:16:30 PAGE 1   


C51 COMPILER V9.60.7.0, COMPILATION OF MODULE PWM
OBJECT MODULE PLACED IN ..\Output\pwm.obj
COMPILER INVOKED BY: D:\APP\KEIL\MDK\C51\BIN\C51.EXE ..\Core\Src\pwm.c LARGE OPTIMIZE(8,SPEED) BROWSE INCDIR(..\BSP\Inc;
                    -..\Core\Inc;..\Driver;..\Emembed\Inc;..\SYSTEM\Inc) DEBUG OBJECTEXTEND PRINT(.\Listings\pwm.lst) TABS(2) OBJECT(..\Outpu
                    -t\pwm.obj)

line level    source

   1          #include "pwm.h"
   2          
   3          /**
   4           * @brief PWM初始化 Fpwm = SYSclk / (PWMx_PSCR + 1)*(PWMx_ARR + 1)
   5           *
   6           * @param   void
   7           *
   8           * @return  void
   9          **/
  10          void PWM_Init( void )
  11          {
  12   1        P_SW2     |= 0X80;  
  13   1        
  14   1          PWMB_PS   |= 0x00;          //高级 PWM 通道 PWM7-P2.2  PWM8-P2.3
  15   1      
  16   1          PWMB_CCER1 = 0x00;          //清零CC5E、CC6E关闭通道
  17   1          PWMB_CCER2 = 0x00;          //清零CC7E、CC8E关闭通道
  18   1      
  19   1          PWMB_CCMR1 = 0x70;          //输入捕获n滤波器选择 PWM5
  20   1          PWMB_CCMR2 = 0x70;          //输入捕获n滤波器选择 PWM6
  21   1          PWMB_CCMR3 = 0x70;          //输入捕获n滤波器选择 PWM7
  22   1      
  23   1          PWMB_CCER1 = 0x11;           //配置通道PWM5  PWM6输出使能和极性 
  24   1          PWMB_CCER2 = 0x01;           //配置通道PWM7输出使能和极性 
  25   1      
  26   1          PWMB_ARR   = 0x0450;        //设置自动重装载寄存器值:1104 
  27   1                       
  28   1          PWMB_PSCR  = 0x0031;        //设置频率   频率越大 波形越平滑  11059200/(PWMB_PSCR+1)(PWMB
             -_ARR+1)  200hz
  29   1      
  30   1          PWMB_CCR5  = 0x012C;        //设置PWM7占空比
  31   1          PWMB_CCR6  = 0x012C;        //设置PWM7占空比
  32   1          PWMB_CCR7  = 0x012C;        //设置PWM7占空比
  33   1      
  34   1          //PWMB_ENO  |= 0x15;          //使能 PWM5 & PWM6 & PWM7 输出
  35   1      
  36   1          PWMB_BKR   = 0x80;          //使能主输出
  37   1          PWMB_CR1  |= 0x01;          //将CEN2位置1，开始计时        
  38   1      }
  39          


MODULE INFORMATION:   STATIC OVERLAYABLE
   CODE SIZE        =     94    ----
   CONSTANT SIZE    =   ----    ----
   XDATA SIZE       =   ----    ----
   PDATA SIZE       =   ----    ----
   DATA SIZE        =   ----    ----
   IDATA SIZE       =   ----    ----
   BIT SIZE         =   ----    ----
END OF MODULE INFORMATION.


C51 COMPILATION COMPLETE.  0 WARNING(S),  0 ERROR(S)
