C51 COMPILER V9.60.7.0   TIM                                                               11/21/2025 17:16:31 PAGE 1   


C51 COMPILER V9.60.7.0, COMPILATION OF MODULE TIM
OBJECT MODULE PLACED IN ..\Output\tim.obj
COMPILER INVOKED BY: D:\APP\KEIL\MDK\C51\BIN\C51.EXE ..\Core\Src\tim.c LARGE OPTIMIZE(8,SPEED) BROWSE INCDIR(..\BSP\Inc;
                    -..\Core\Inc;..\Driver;..\Emembed\Inc;..\SYSTEM\Inc) DEBUG OBJECTEXTEND PRINT(.\Listings\tim.lst) TABS(2) OBJECT(..\Outpu
                    -t\tim.obj)

line level    source

   1          /*
   2            tim0:串口4不定长数据接收
   3            tim1:移相斩波
   4            tim2:串口1
   5            tim3:用于一些定时执行的事件 
   6            tim4:串口4
   7          */
   8          
   9          #include "tim.h"
  10          
  11          // /**
  12          //  * @brief  外部中断0初始化函数
  13          //  *
  14          //  * @param   
  15          //  *
  16          //  * @return  void
  17          // **/
  18          // void INT0_Init( void )
  19          // {
  20          //     IT0 = 1;   //下降沿触发过零检测信号
  21          //     EX0 = 1;
  22          // }
  23          
  24          /**
  25           * @brief Timer0初始化函数 用于串口4不定长数据接收
  26           *
  27           * @param   
  28           *
  29           * @return  void
  30          **/
  31          void Timer0_Init( void )   //1ms@11.0592MHz   16位手动重装载
  32          {
  33   1        AUXR |= 0x80;      //定时器时钟1T模式
  34   1        TMOD &= 0xF0;      //设置定时器模式
  35   1        TL0   = 0xCD;      //设置定时初始值
  36   1        TH0   = 0xD4;            //设置定时初始值
  37   1        TF0   = 0;         //清除TF0标志
  38   1        TR0   = 1;         //定时器0开始计时
  39   1      
  40   1          ET0   = 1;         //打开IE-ET0，TIM0中断
  41   1      }
  42          
  43          /**
  44           * @brief Timer1初始化函数 用于移相斩波
  45           *
  46           * @param   
  47           *
  48           * @return  void
  49          **/
  50          void Timer1_Init( void )    //10ms@11.0592Mhz   16位手动重装载
  51          {   
  52   1        AUXR &= 0xBF;           //定时器时钟12T模式
  53   1        TMOD &= 0x0F;           //设置定时器模式
C51 COMPILER V9.60.7.0   TIM                                                               11/21/2025 17:16:31 PAGE 2   

  54   1        TMOD |= 0x10;           //设置定时器模式   手动/自动开关
  55   1      }
  56          
  57          /**
  58           * @brief Timer3初始化函数 用于一些定时执行的事件 
  59           *
  60           * @param   
  61           *
  62           * @return  void
  63          **/
  64          void Timer3_Init( void )    //10ms@11.0592Mhz   16位手动重装载
  65          {   
  66   1        T4T3M &= 0xFD;      //定时器时钟12T模式
  67   1        T3L    = 0x00;        //设置定时初始值
  68   1        T3H    = 0xDC;        //设置定时初始值
  69   1        T4T3M |= 0x08;      //定时器3开始计时
  70   1      
  71   1        IE2   |= 0X20;      //ET3 = 1 
  72   1      }


MODULE INFORMATION:   STATIC OVERLAYABLE
   CODE SIZE        =     45    ----
   CONSTANT SIZE    =   ----    ----
   XDATA SIZE       =   ----    ----
   PDATA SIZE       =   ----    ----
   DATA SIZE        =   ----    ----
   IDATA SIZE       =   ----    ----
   BIT SIZE         =   ----    ----
END OF MODULE INFORMATION.


C51 COMPILATION COMPLETE.  0 WARNING(S),  0 ERROR(S)
